<?xml version="1.0" encoding="utf-8"?><testsuites name="pytest tests"><testsuite name="pytest" errors="0" failures="1" skipped="0" tests="11" time="3.066" timestamp="2026-09-09T20:40:15.267090+00:00" hostname="agent-env-f90aba37-2092-491f-a680-db0c37183ff5"><testcase classname="tests.test_iteration9.TestRegression" name="test_root" time="1.142" /><testcase classname="tests.test_iteration9.TestFeaturedRecipe" name="test_clear_then_null_response" time="1.216" /><testcase classname="tests.test_iteration9.TestRegression" name="test_samples" time="0.339"><failure message="assert 404 == 200&#10; +  where 404 = &lt;Response [404]&gt;.status_code">backend/tests/test_iteration9.py:114: in test_samples
    assert r.status_code == 200
E   assert 404 == 200
E    +  where 404 = &lt;Response [404]&gt;.status_code</failure></testcase><testcase classname="tests.test_iteration9.TestFeaturedRecipe" name="test_set_featured_and_read" time="0.329" /><testcase classname="tests.test_iteration9.TestFeaturedRecipe" name="test_family_cannot_set_featured" time="0.271" /><testcase classname="tests.test_iteration9.TestCodesBatchAndPrintSheet" name="test_bulk_create_shares_batch_id" time="0.139" /><testcase classname="tests.test_iteration9.TestRegression" name="test_recipes_list" time="0.396" /><testcase classname="tests.test_iteration9.TestRegression" name="test_printables_list" time="0.079" /><testcase classname="tests.test_iteration9.TestCodesBatchAndPrintSheet" name="test_print_sheet_pdf" time="0.093" /><testcase classname="tests.test_iteration9.TestRegression" name="test_gift_cert_pdf" time="0.157" /><testcase classname="tests.test_iteration9.TestPrintableDownloadTracking" name="test_download_count_increments" time="0.477" /></testsuite></testsuites>