<?xml version="1.0" encoding="utf-8"?><testsuites name="pytest tests"><testsuite name="pytest" errors="0" failures="0" skipped="0" tests="6" time="3.425" timestamp="2026-09-21T22:21:14.564051+00:00" hostname="agent-env-f90aba37-2092-491f-a680-db0c37183ff5"><testcase classname="tests.test_iteration17_printable_food_group" name="test_printables_list" time="0.489" /><testcase classname="tests.test_iteration17_printable_food_group" name="test_printables_tier_junior_includes_food_group" time="0.235" /><testcase classname="tests.test_iteration17_printable_food_group" name="test_pdf_download_food_group_match" time="1.289" /><testcase classname="tests.test_iteration17_printable_food_group" name="test_pdf_download_unauthenticated" time="0.092" /><testcase classname="tests.test_iteration17_printable_food_group" name="test_sibling_regression" time="0.526" /><testcase classname="tests.test_iteration17_printable_food_group" name="test_readonly_final_state" time="0.105" /></testsuite></testsuites>