<?xml version="1.0" encoding="utf-8"?><testsuites name="pytest tests"><testsuite name="pytest" errors="0" failures="0" skipped="0" tests="26" time="8.422" timestamp="2026-09-09T20:31:02.258218+00:00" hostname="agent-env-f90aba37-2092-491f-a680-db0c37183ff5"><testcase classname="tests.test_iteration7.TestPrintables" name="test_patch_printable" time="0.875" /><testcase classname="tests.test_iteration7.TestPrintables" name="test_pdf_generated_when_no_pdf_file_id" time="0.120" /><testcase classname="tests.test_iteration7.TestRecipeAdmin" name="test_patch_recipe_card_file_id" time="1.793" /><testcase classname="tests.test_iteration7.TestPrintables" name="test_pdf_serves_uploaded_when_pdf_file_id_set" time="1.165" /><testcase classname="tests.test_iteration7.TestRecipeAdmin" name="test_duplicate_recipe" time="0.370" /><testcase classname="tests.test_iteration7.TestPrintables" name="test_thumbnail_public" time="1.184" /><testcase classname="tests.test_iteration7.TestRecipeAdmin" name="test_recipe_card_download_admin" time="0.371" /><testcase classname="tests.test_iteration7.TestRecipeAdmin" name="test_recipe_card_402_non_member" time="0.509" /><testcase classname="tests.test_iteration7.TestRecipeAdmin" name="test_recipe_card_404_no_card" time="0.523" /><testcase classname="tests.test_iteration7.TestPrintables" name="test_long_title_wraps" time="0.369" /><testcase classname="tests.test_iteration7.TestRecipeAdmin" name="test_cleanup_recipe" time="0.073" /><testcase classname="tests.test_iteration7.TestRegression" name="test_flags" time="0.098" /><testcase classname="tests.test_iteration7.TestPrintables" name="test_cleanup" time="0.088" /><testcase classname="tests.test_iteration7.TestRegression" name="test_samples" time="0.086" /><testcase classname="tests.test_iteration7.TestUploads" name="test_upload_recipe_photo" time="0.393" /><testcase classname="tests.test_iteration7.TestRegression" name="test_list_printables" time="0.370" /><testcase classname="tests.test_iteration7.TestUploads" name="test_upload_recipe_card_pdf" time="0.389" /><testcase classname="tests.test_iteration7.TestRegression" name="test_gift_cert" time="0.387" /><testcase classname="tests.test_iteration7.TestUploads" name="test_upload_printable_pdf" time="0.549" /><testcase classname="tests.test_iteration7.TestRegression" name="test_generate_and_redeem_code" time="0.643" /><testcase classname="tests.test_iteration7.TestUploads" name="test_upload_printable_thumbnail" time="0.418" /><testcase classname="tests.test_iteration8.TestPrintablePDFFix" name="test_short_title_generated_pdf" time="1.208" /><testcase classname="tests.test_iteration8.TestJournalExport" name="test_journal_export_with_flag_enabled" time="1.137" /><testcase classname="tests.test_iteration8.TestPrintablePDFFix" name="test_long_title_150chars_generated_pdf" time="0.393" /><testcase classname="tests.test_iteration8.TestGiftCertLongName" name="test_long_recipient_name" time="0.089" /><testcase classname="tests.test_iteration8.TestPrintablePDFFix" name="test_uploaded_pdf_still_served" time="1.044" /></testsuite></testsuites>