<?xml version="1.0" encoding="utf-8"?><testsuites name="pytest tests"><testsuite name="pytest" errors="0" failures="0" skipped="0" tests="12" time="3.786" timestamp="2026-09-09T21:03:41.154690+00:00" hostname="agent-env-f90aba37-2092-491f-a680-db0c37183ff5"><testcase classname="tests.test_iteration10" name="test_create_recipe_with_categories" time="0.608" /><testcase classname="tests.test_iteration10" name="test_create_recipe_without_categories_defaults_empty" time="0.228" /><testcase classname="tests.test_iteration10" name="test_patch_recipe_categories" time="0.222" /><testcase classname="tests.test_iteration10" name="test_get_recipes_filter_by_category" time="0.094" /><testcase classname="tests.test_iteration10" name="test_get_recipes_filter_empty_when_no_match" time="0.091" /><testcase classname="tests.test_iteration10" name="test_get_recipes_combined_tier_and_category" time="0.083" /><testcase classname="tests.test_iteration10" name="test_etsy_url_public_no_auth" time="0.095" /><testcase classname="tests.test_iteration10" name="test_etsy_url_admin_set_and_get" time="0.525" /><testcase classname="tests.test_iteration10" name="test_etsy_url_family_forbidden" time="0.376" /><testcase classname="tests.test_iteration10" name="test_etsy_url_clear" time="0.177" /><testcase classname="tests.test_iteration10" name="test_regression_endpoints" time="0.603" /><testcase classname="tests.test_iteration10" name="test_cleanup" time="0.156" /></testsuite></testsuites>