<?xml version="1.0" encoding="utf-8"?><testsuites name="pytest tests"><testsuite name="pytest" errors="0" failures="0" skipped="0" tests="8" time="5.366" timestamp="2026-09-18T19:38:48.532245+00:00" hostname="agent-env-f90aba37-2092-491f-a680-db0c37183ff5"><testcase classname="tests.test_recipe_card_iter15" name="test_kabobs_copy_card_generated" time="1.106" /><testcase classname="tests.test_recipe_card_iter15" name="test_kabobs_copy_recipe_file_id_unchanged" time="0.149" /><testcase classname="tests.test_recipe_card_iter15" name="test_kabobs_orig_card_generated" time="0.355" /><testcase classname="tests.test_recipe_card_iter15" name="test_get_card_no_token" time="0.116" /><testcase classname="tests.test_recipe_card_iter15" name="test_post_generate_no_token" time="0.127" /><testcase classname="tests.test_recipe_card_iter15" name="test_post_generate_demo_forbidden" time="0.394" /><testcase classname="tests.test_recipe_card_iter15" name="test_post_generate_admin_keys" time="0.615" /><testcase classname="tests.test_recipe_card_iter15" name="test_uploaded_valid_pdf_preference" time="1.248" /></testsuite></testsuites>