<?xml version="1.0" encoding="utf-8"?><testsuites name="pytest tests"><testsuite name="pytest" errors="0" failures="0" skipped="0" tests="19" time="6.427" timestamp="2026-09-10T00:57:50.002142+00:00" hostname="agent-env-f90aba37-2092-491f-a680-db0c37183ff5"><testcase classname="tests.test_iteration11.TestForgotPassword" name="test_known_email_returns_ok_without_token" time="0.645" /><testcase classname="tests.test_iteration11.TestForgotPassword" name="test_reset_password_with_stored_token" time="0.744" /><testcase classname="tests.test_iteration11.TestForgotPassword" name="test_unknown_email_no_enumeration" time="0.097" /><testcase classname="tests.test_iteration11.TestPreferences" name="test_patch_optin_false_then_true" time="0.669" /><testcase classname="tests.test_iteration11.TestUnsubscribe" name="test_invalid_token" time="0.084" /><testcase classname="tests.test_iteration11.TestUnsubscribe" name="test_valid_token_flips_optin" time="0.292" /><testcase classname="tests.test_iteration11.TestFeatured" name="test_past_window_falls_back" time="0.511" /><testcase classname="tests.test_iteration11.TestFeatured" name="test_current_window_returns_scheduled" time="0.236" /><testcase classname="tests.test_iteration11.TestFeatured" name="test_null_recipe_falls_back" time="0.140" /><testcase classname="tests.test_iteration11.TestFeatured" name="test_admin_get_featured" time="0.069" /><testcase classname="tests.test_iteration11.TestWeeklyDrop" name="test_family_forbidden" time="0.068" /><testcase classname="tests.test_iteration11.TestWeeklyDrop" name="test_admin_send" time="1.712" /><testcase classname="tests.test_iteration11.TestRegression" name="test_login_admin" time="0.311" /><testcase classname="tests.test_iteration11.TestRegression" name="test_login_demo" time="0.307" /><testcase classname="tests.test_iteration11.TestRegression" name="test_samples" time="0.067" /><testcase classname="tests.test_iteration11.TestRegression" name="test_flags" time="0.076" /><testcase classname="tests.test_iteration11.TestRegression" name="test_printables" time="0.068" /><testcase classname="tests.test_iteration11.TestRegression" name="test_codes_print_sheet" time="0.073" /><testcase classname="tests.test_iteration11" name="test_zz_cleanup" time="0.135" /></testsuite></testsuites>