<?xml version="1.0" encoding="utf-8"?><testsuites name="pytest tests"><testsuite name="pytest" errors="0" failures="0" skipped="0" tests="3" time="7.352" timestamp="2026-09-10T01:43:17.010039+00:00" hostname="agent-env-f90aba37-2092-491f-a680-db0c37183ff5"><testcase classname="tests.test_checkout_regression" name="test_scenario4_checkout_and_grant_flow" time="1.610" /><testcase classname="tests.test_checkout_regression" name="test_scenario7_reset_token_single_use" time="1.654" /><testcase classname="tests.test_checkout_regression" name="test_signed_in_unpaid_can_reach_stripe_directly" time="3.966" /></testsuite></testsuites>