<?xml version="1.0" encoding="utf-8"?><testsuites name="pytest tests"><testsuite name="pytest" errors="0" failures="0" skipped="0" tests="6" time="6.750" timestamp="2026-09-18T18:58:14.918966+00:00" hostname="agent-env-f90aba37-2092-491f-a680-db0c37183ff5"><testcase classname="tests.test_recipe_card" name="test_upload_rejects_stub_and_non_pdf" time="1.036" /><testcase classname="tests.test_recipe_card" name="test_valid_pdf_download" time="1.145" /><testcase classname="tests.test_recipe_card" name="test_stub_pdf_returns_422_not_broken_viewer" time="1.117" /><testcase classname="tests.test_recipe_card" name="test_missing_object_returns_404" time="1.361" /><testcase classname="tests.test_recipe_card" name="test_authorization" time="1.337" /><testcase classname="tests.test_recipe_card" name="test_live_kabobs_copy_card_is_diagnosed_as_invalid" time="0.366" /></testsuite></testsuites>