<?xml version="1.0" encoding="utf-8"?><testsuites name="pytest tests"><testsuite name="pytest" errors="0" failures="0" skipped="0" tests="10" time="1.286" timestamp="2026-09-08T01:08:28.848659+00:00" hostname="agent-env-f90aba37-2092-491f-a680-db0c37183ff5"><testcase classname="tests.test_gift_certificate.TestRegressionSpotCheck" name="test_root" time="0.087" /><testcase classname="tests.test_gift_certificate.TestRegressionSpotCheck" name="test_admin_login" time="0.316" /><testcase classname="tests.test_gift_certificate.TestRegressionSpotCheck" name="test_recipes_samples" time="0.088" /><testcase classname="tests.test_gift_certificate.TestRegressionSpotCheck" name="test_flags" time="0.070" /><testcase classname="tests.test_gift_certificate.TestGiftCertificate" name="test_pdf_generation_annual" time="0.067" /><testcase classname="tests.test_gift_certificate.TestGiftCertificate" name="test_public_no_auth" time="0.076" /><testcase classname="tests.test_gift_certificate.TestGiftCertificate" name="test_missing_to_422" time="0.078" /><testcase classname="tests.test_gift_certificate.TestGiftCertificate" name="test_missing_code_422" time="0.065" /><testcase classname="tests.test_gift_certificate.TestGiftCertificate" name="test_from_alias_literal_from_key" time="0.081" /><testcase classname="tests.test_gift_certificate.TestGiftCertificate" name="test_all_durations" time="0.298" /></testsuite></testsuites>