<?xml version="1.0" encoding="utf-8"?><testsuites name="pytest tests"><testsuite name="pytest" errors="0" failures="0" skipped="0" tests="17" time="9.569" timestamp="2026-09-24T20:20:57.542876+00:00" hostname="agent-env-f90aba37-2092-491f-a680-db0c37183ff5"><testcase classname="tests.test_launch_recipes_iter18" name="test_recipes_total_count" time="0.709" /><testcase classname="tests.test_launch_recipes_iter18" name="test_each_launch_title_unique" time="0.000" /><testcase classname="tests.test_launch_recipes_iter18" name="test_launch_tiers_and_fields" time="0.000" /><testcase classname="tests.test_launch_recipes_iter18" name="test_tips_required" time="0.000" /><testcase classname="tests.test_launch_recipes_iter18" name="test_cookies_and_burgers_tips" time="0.000" /><testcase classname="tests.test_launch_recipes_iter18" name="test_yield_text_required" time="0.000" /><testcase classname="tests.test_launch_recipes_iter18" name="test_tier_filter[little-included0-excluded0]" time="0.107" /><testcase classname="tests.test_launch_recipes_iter18" name="test_tier_filter[junior-included1-excluded1]" time="0.105" /><testcase classname="tests.test_launch_recipes_iter18" name="test_tier_filter[young-included2-excluded2]" time="0.101" /><testcase classname="tests.test_launch_recipes_iter18" name="test_tier_filter[teen-included3-excluded3]" time="0.088" /><testcase classname="tests.test_launch_recipes_iter18" name="test_tier_filter[family-included4-excluded4]" time="0.083" /><testcase classname="tests.test_launch_recipes_iter18" name="test_recipe_get_and_card" time="4.224" /><testcase classname="tests.test_launch_recipes_iter18" name="test_card_requires_auth" time="0.112" /><testcase classname="tests.test_launch_recipes_iter18" name="test_photo_urls_public" time="2.633" /><testcase classname="tests.test_launch_recipes_iter18" name="test_non_photo_file_requires_auth" time="0.108" /><testcase classname="tests.test_launch_recipes_iter18" name="test_featured_recipe_unchanged" time="0.086" /><testcase classname="tests.test_launch_recipes_iter18" name="test_admin_printables_count" time="0.494" /></testsuite></testsuites>