<?xml version="1.0" encoding="utf-8"?><testsuites name="pytest tests"><testsuite name="pytest" errors="0" failures="2" skipped="0" tests="21" time="5.997" timestamp="2026-09-09T20:16:46.517926+00:00" hostname="agent-env-f90aba37-2092-491f-a680-db0c37183ff5"><testcase classname="tests.test_iteration7.TestPrintables" name="test_patch_printable" time="0.902" /><testcase classname="tests.test_iteration7.TestPrintables" name="test_pdf_generated_when_no_pdf_file_id" time="0.438"><failure message="assert 500 == 200&#10; +  where 500 = &lt;Response [500]&gt;.status_code">backend/tests/test_iteration7.py:168: in test_pdf_generated_when_no_pdf_file_id
    assert r.status_code == 200
E   assert 500 == 200
E    +  where 500 = &lt;Response [500]&gt;.status_code</failure></testcase><testcase classname="tests.test_iteration7.TestRecipeAdmin" name="test_patch_recipe_card_file_id" time="1.887" /><testcase classname="tests.test_iteration7.TestPrintables" name="test_pdf_serves_uploaded_when_pdf_file_id_set" time="0.854" /><testcase classname="tests.test_iteration7.TestRecipeAdmin" name="test_duplicate_recipe" time="0.327" /><testcase classname="tests.test_iteration7.TestPrintables" name="test_thumbnail_public" time="1.158" /><testcase classname="tests.test_iteration7.TestRecipeAdmin" name="test_recipe_card_download_admin" time="0.340" /><testcase classname="tests.test_iteration7.TestRecipeAdmin" name="test_recipe_card_402_non_member" time="0.500" /><testcase classname="tests.test_iteration7.TestRecipeAdmin" name="test_recipe_card_404_no_card" time="0.521" /><testcase classname="tests.test_iteration7.TestPrintables" name="test_long_title_wraps" time="0.206"><failure message="AssertionError: Internal Server Error&#10;assert 500 == 200&#10; +  where 500 = &lt;Response [500]&gt;.status_code">backend/tests/test_iteration7.py:207: in test_long_title_wraps
    assert pdf.status_code == 200, pdf.text[:200]
E   AssertionError: Internal Server Error
E   assert 500 == 200
E    +  where 500 = &lt;Response [500]&gt;.status_code</failure></testcase><testcase classname="tests.test_iteration7.TestRecipeAdmin" name="test_cleanup_recipe" time="0.064" /><testcase classname="tests.test_iteration7.TestPrintables" name="test_cleanup" time="0.089" /><testcase classname="tests.test_iteration7.TestRegression" name="test_flags" time="0.088" /><testcase classname="tests.test_iteration7.TestUploads" name="test_upload_recipe_photo" time="0.432" /><testcase classname="tests.test_iteration7.TestRegression" name="test_samples" time="0.343" /><testcase classname="tests.test_iteration7.TestRegression" name="test_list_printables" time="0.077" /><testcase classname="tests.test_iteration7.TestUploads" name="test_upload_recipe_card_pdf" time="0.386" /><testcase classname="tests.test_iteration7.TestRegression" name="test_gift_cert" time="0.344" /><testcase classname="tests.test_iteration7.TestUploads" name="test_upload_printable_pdf" time="0.343" /><testcase classname="tests.test_iteration7.TestUploads" name="test_upload_printable_thumbnail" time="0.563" /><testcase classname="tests.test_iteration7.TestRegression" name="test_generate_and_redeem_code" time="0.986" /></testsuite></testsuites>