<?xml version="1.0" encoding="utf-8"?><testsuites name="pytest tests"><testsuite name="pytest" errors="0" failures="0" skipped="0" tests="38" time="10.979" timestamp="2026-09-10T01:21:16.588027+00:00" hostname="agent-env-f90aba37-2092-491f-a680-db0c37183ff5"><testcase classname="tests.test_launch_readiness.TestRegistration" name="test_register_fresh_family" time="0.373" /><testcase classname="tests.test_launch_readiness.TestRegistration" name="test_me_shows_no_membership" time="0.072" /><testcase classname="tests.test_launch_readiness.TestRegistration" name="test_profiles_empty" time="0.077" /><testcase classname="tests.test_launch_readiness.TestRegistration" name="test_recipes_blocked_without_membership" time="0.075" /><testcase classname="tests.test_launch_readiness.TestRegistration" name="test_samples_public" time="0.068" /><testcase classname="tests.test_launch_readiness.TestLogin" name="test_admin_ok" time="0.288" /><testcase classname="tests.test_launch_readiness.TestLogin" name="test_demo_ok" time="0.301" /><testcase classname="tests.test_launch_readiness.TestLogin" name="test_wrong_password_401" time="0.085" /><testcase classname="tests.test_launch_readiness.TestForgotReset" name="test_forgot_returns_only_ok" time="0.315" /><testcase classname="tests.test_launch_readiness.TestForgotReset" name="test_reset_and_login_new_then_restore" time="1.413" /><testcase classname="tests.test_launch_readiness.TestStripeCheckout" name="test_pricing_public" time="0.062" /><testcase classname="tests.test_launch_readiness.TestStripeCheckout" name="test_create_checkout_session" time="1.767" /><testcase classname="tests.test_launch_readiness.TestRevokeAndRedeem" name="test_revoke_demo" time="0.630" /><testcase classname="tests.test_launch_readiness.TestRevokeAndRedeem" name="test_admin_generate_code" time="0.070" /><testcase classname="tests.test_launch_readiness.TestRevokeAndRedeem" name="test_register_fresh_and_redeem" time="0.471" /><testcase classname="tests.test_launch_readiness.TestRevokeAndRedeem" name="test_redeem_same_code_400" time="0.069" /><testcase classname="tests.test_launch_readiness.TestRevokeAndRedeem" name="test_invalid_code_404" time="0.064" /><testcase classname="tests.test_launch_readiness.TestRevokeAndRedeem" name="test_restore_demo_via_admin_code" time="0.225" /><testcase classname="tests.test_launch_readiness.TestFourLibraries" name="test_tier_returns_list[little]" time="0.077" /><testcase classname="tests.test_launch_readiness.TestFourLibraries" name="test_tier_returns_list[junior]" time="0.072" /><testcase classname="tests.test_launch_readiness.TestFourLibraries" name="test_tier_returns_list[teen]" time="0.072" /><testcase classname="tests.test_launch_readiness.TestFourLibraries" name="test_tier_returns_list[adult]" time="0.076" /><testcase classname="tests.test_launch_readiness.TestRecipeCard" name="test_upload_pdf_and_attach" time="0.560" /><testcase classname="tests.test_launch_readiness.TestRecipeCard" name="test_download_as_demo" time="0.348" /><testcase classname="tests.test_launch_readiness.TestRecipeCard" name="test_recipe_without_card_404" time="0.140" /><testcase classname="tests.test_launch_readiness.TestRecipeCard" name="test_cleanup_detach" time="0.076" /><testcase classname="tests.test_launch_readiness.TestAdminEditing" name="test_edit_recipe_title_and_restore" time="0.387" /><testcase classname="tests.test_launch_readiness.TestAdminEditing" name="test_duplicate_and_cleanup" time="0.224" /><testcase classname="tests.test_launch_readiness.TestAdminEditing" name="test_flags_toggle_and_restore" time="0.276" /><testcase classname="tests.test_launch_readiness.TestAdminEditing" name="test_etsy_url_save_and_clear" time="0.302" /><testcase classname="tests.test_launch_readiness.TestAdminEditing" name="test_codes_print_sheet_pdf" time="0.128" /><testcase classname="tests.test_launch_readiness.TestAdminEditing" name="test_csv_exports" time="0.202" /><testcase classname="tests.test_launch_readiness.TestAdminEditing" name="test_printable_edit" time="0.209" /><testcase classname="tests.test_launch_readiness.TestSessionPersistence" name="test_journal_entry_persists_across_sessions" time="0.587" /><testcase classname="tests.test_launch_readiness.TestSessionPersistence" name="test_profile_count_stable" time="0.066" /><testcase classname="tests.test_launch_readiness.TestJWT" name="test_bad_token_401" time="0.098" /><testcase classname="tests.test_launch_readiness.TestJWT" name="test_no_token_401" time="0.062" /><testcase classname="tests.test_launch_readiness" name="test_zzz_cleanup" time="0.428" /></testsuite></testsuites>