<?xml version="1.0" encoding="utf-8"?><testsuites name="pytest tests"><testsuite name="pytest" errors="0" failures="0" skipped="0" tests="36" time="16.255" timestamp="2026-09-07T23:20:47.671472+00:00" hostname="agent-env-f90aba37-2092-491f-a680-db0c37183ff5"><testcase classname="tests.backend_test.TestAdminExport" name="test_csv[families]" time="0.774" /><testcase classname="tests.backend_test.TestAuth" name="test_admin_login" time="0.771" /><testcase classname="tests.backend_test.TestAuth" name="test_register_short_password_fails" time="0.071" /><testcase classname="tests.backend_test.TestAdminExport" name="test_csv[parents]" time="0.116" /><testcase classname="tests.backend_test.TestAuth" name="test_register_success" time="0.348" /><testcase classname="tests.backend_test.TestAdminExport" name="test_csv[profiles]" time="0.258" /><testcase classname="tests.backend_test.TestAdminExport" name="test_csv[recipes]" time="0.069" /><testcase classname="tests.backend_test.TestAuth" name="test_login_rate_limit" time="1.997" /><testcase classname="tests.backend_test.TestAdminExport" name="test_csv[entitlements]" time="0.264" /><testcase classname="tests.backend_test.TestAdminExport" name="test_csv[codes]" time="0.298" /><testcase classname="tests.backend_test.TestAdminExport" name="test_csv[subscriptions]" time="0.294" /><testcase classname="tests.backend_test.TestAdminExport" name="test_json[families]" time="0.293" /><testcase classname="tests.backend_test.TestAdminExport" name="test_json[parents]" time="0.283" /><testcase classname="tests.backend_test.TestAdminExport" name="test_json[profiles]" time="0.068" /><testcase classname="tests.backend_test.TestAdminExport" name="test_json[recipes]" time="0.249" /><testcase classname="tests.backend_test.TestAdminExport" name="test_json[entitlements]" time="0.082" /><testcase classname="tests.backend_test.TestAdminExport" name="test_json[codes]" time="0.077" /><testcase classname="tests.backend_test.TestAdminExport" name="test_json[subscriptions]" time="0.097" /><testcase classname="tests.backend_test.TestAuth" name="test_register_rate_limit" time="3.549" /><testcase classname="tests.backend_test.TestRecipes" name="test_samples_public" time="0.074" /><testcase classname="tests.backend_test.TestRecipes" name="test_demo_profiles_and_recipes" time="1.306" /><testcase classname="tests.backend_test.TestRecipes" name="test_non_member_this_week_402" time="0.823" /><testcase classname="tests.backend_test.TestRecipes" name="test_admin_can_crud_recipe_family_cannot" time="1.178" /><testcase classname="tests.backend_test.TestFlagGating" name="test_pdf_export_gated_by_flag" time="0.547" /><testcase classname="tests.backend_test.TestAuth" name="test_forgot_password_rate_limit" time="0.708" /><testcase classname="tests.backend_test.TestFlagGating" name="test_kid_photo_upload_blocked" time="0.106" /><testcase classname="tests.backend_test.TestPayments" name="test_pricing_returns_4_tiers" time="0.106" /><testcase classname="tests.backend_test.TestPayments" name="test_checkout_returns_stripe_url" time="1.519" /><testcase classname="tests.backend_test.TestAuth" name="test_reset_password_rate_limit" time="2.696" /><testcase classname="tests.backend_test.TestFlags" name="test_public_flags" time="0.070" /><testcase classname="tests.backend_test.TestRedeem" name="test_admin_generate_and_family_redeem" time="0.586" /><testcase classname="tests.backend_test.TestLogo" name="test_upload_and_fetch_logo" time="0.837" /><testcase classname="tests.backend_test.TestAuth" name="test_real_ip_helper_parses_xff_first_value" time="3.832" /><testcase classname="tests.backend_test.TestAuth" name="test_forgot_password_returns_token_when_user_exists" time="0.356" /><testcase classname="tests.backend_test.TestAuth" name="test_forgot_password_nonexistent_no_token" time="0.266" /><testcase classname="tests.backend_test.TestAuth" name="test_reset_password_valid_then_invalid" time="1.172" /></testsuite></testsuites>